# JRE version: Java(TM) SE Runtime Environment (13.0.2+8) (build 13.0.2+8)
# Java VM: Java HotSpot(TM) 64-Bit Server VM (13.0.2+8, mixed mode, sharing, tiered, compressed oops, g1 gc, windows-amd64)
Heap:
 garbage-first heap   total 38912K, used 19327K [0x00000000c1e00000, 0x0000000100000000)
  region size 1024K, 12 young (12288K), 2 survivors (2048K)
 Metaspace       used 10693K, capacity 13263K, committed 13440K, reserved 1060864K
  class space    used 1215K, capacity 1548K, committed 1664K, reserved 1048576K
GC Heap History (20 events):
Event: 1.775 GC heap before
{Heap before GC invocations=12 (full 0):
 garbage-first heap   total 10240K, used 5624K [0x00000000c1e00000, 0x0000000100000000)
  region size 1024K, 2 young (2048K), 1 survivors (1024K)
 Metaspace       used 8748K, capacity 11526K, committed 11648K, reserved 1058816K
  class space    used 1036K, capacity 1341K, committed 1408K, reserved 1048576K
}
Event: 1.777 GC heap after
{Heap after GC invocations=13 (full 0):
 garbage-first heap   total 12288K, used 4780K [0x00000000c1e00000, 0x0000000100000000)
  region size 1024K, 1 young (1024K), 1 survivors (1024K)
 Metaspace       used 8748K, capacity 11526K, committed 11648K, reserved 1058816K
  class space    used 1036K, capacity 1341K, committed 1408K, reserved 1048576K
}
Event: 1.828 GC heap before
{Heap before GC invocations=13 (full 0):
 garbage-first heap   total 12288K, used 5804K [0x00000000c1e00000, 0x0000000100000000)
  region size 1024K, 3 young (3072K), 1 survivors (1024K)
 Metaspace       used 8865K, capacity 11637K, committed 11904K, reserved 1060864K
  class space    used 1047K, capacity 1378K, committed 1408K, reserved 1048576K
}
Event: 1.832 GC heap after
{Heap after GC invocations=14 (full 0):
 garbage-first heap   total 12288K, used 5199K [0x00000000c1e00000, 0x0000000100000000)
  region size 1024K, 1 young (1024K), 1 survivors (1024K)
 Metaspace       used 8865K, capacity 11637K, committed 11904K, reserved 1060864K
  class space    used 1047K, capacity 1378K, committed 1408K, reserved 1048576K
}
Event: 1.866 GC heap before
{Heap before GC invocations=14 (full 0):
 garbage-first heap   total 12288K, used 6223K [0x00000000c1e00000, 0x0000000100000000)
  region size 1024K, 2 young (2048K), 1 survivors (1024K)
 Metaspace       used 8919K, capacity 11704K, committed 11904K, reserved 1060864K
  class space    used 1051K, capacity 1378K, committed 1408K, reserved 1048576K
}
Event: 1.869 GC heap after
{Heap after GC invocations=15 (full 0):
 garbage-first heap   total 12288K, used 5576K [0x00000000c1e00000, 0x0000000100000000)
  region size 1024K, 1 young (1024K), 1 survivors (1024K)
 Metaspace       used 8919K, capacity 11704K, committed 11904K, reserved 1060864K
  class space    used 1051K, capacity 1378K, committed 1408K, reserved 1048576K
}
Event: 1.872 GC heap before
{Heap before GC invocations=15 (full 0):
 garbage-first heap   total 12288K, used 6600K [0x00000000c1e00000, 0x0000000100000000)
  region size 1024K, 2 young (2048K), 1 survivors (1024K)
 Metaspace       used 8919K, capacity 11704K, committed 11904K, reserved 1060864K
  class space    used 1051K, capacity 1378K, committed 1408K, reserved 1048576K
}
Event: 1.874 GC heap after
{Heap after GC invocations=16 (full 0):
 garbage-first heap   total 12288K, used 5659K [0x00000000c1e00000, 0x0000000100000000)
  region size 1024K, 1 young (1024K), 1 survivors (1024K)
 Metaspace       used 8919K, capacity 11704K, committed 11904K, reserved 1060864K
  class space    used 1051K, capacity 1378K, committed 1408K, reserved 1048576K
}
Event: 1.881 GC heap before
{Heap before GC invocations=16 (full 0):
 garbage-first heap   total 12288K, used 6683K [0x00000000c1e00000, 0x0000000100000000)
  region size 1024K, 2 young (2048K), 1 survivors (1024K)
 Metaspace       used 8919K, capacity 11704K, committed 11904K, reserved 1060864K
  class space    used 1051K, capacity 1378K, committed 1408K, reserved 1048576K
}
Event: 1.883 GC heap after
{Heap after GC invocations=17 (full 0):
 garbage-first heap   total 19456K, used 5973K [0x00000000c1e00000, 0x0000000100000000)
  region size 1024K, 1 young (1024K), 1 survivors (1024K)
 Metaspace       used 8919K, capacity 11704K, committed 11904K, reserved 1060864K
  class space    used 1051K, capacity 1378K, committed 1408K, reserved 1048576K
}
Event: 1.971 GC heap before
{Heap before GC invocations=17 (full 0):
 garbage-first heap   total 19456K, used 10069K [0x00000000c1e00000, 0x0000000100000000)
  region size 1024K, 5 young (5120K), 1 survivors (1024K)
 Metaspace       used 8961K, capacity 11707K, committed 11904K, reserved 1060864K
  class space    used 1052K, capacity 1379K, committed 1408K, reserved 1048576K
}
Event: 1.975 GC heap after
{Heap after GC invocations=18 (full 0):
 garbage-first heap   total 19456K, used 6822K [0x00000000c1e00000, 0x0000000100000000)
  region size 1024K, 1 young (1024K), 1 survivors (1024K)
 Metaspace       used 8961K, capacity 11707K, committed 11904K, reserved 1060864K
  class space    used 1052K, capacity 1379K, committed 1408K, reserved 1048576K
}
Event: 2.110 GC heap before
{Heap before GC invocations=18 (full 0):
 garbage-first heap   total 19456K, used 10918K [0x00000000c1e00000, 0x0000000100000000)
  region size 1024K, 5 young (5120K), 1 survivors (1024K)
 Metaspace       used 9012K, capacity 11789K, committed 11904K, reserved 1060864K
  class space    used 1058K, capacity 1385K, committed 1408K, reserved 1048576K
}
Event: 2.116 GC heap after
{Heap after GC invocations=19 (full 0):
 garbage-first heap   total 19456K, used 7694K [0x00000000c1e00000, 0x0000000100000000)
  region size 1024K, 1 young (1024K), 1 survivors (1024K)
 Metaspace       used 9012K, capacity 11789K, committed 11904K, reserved 1060864K
  class space    used 1058K, capacity 1385K, committed 1408K, reserved 1048576K
}
Event: 2.373 GC heap before
{Heap before GC invocations=19 (full 0):
 garbage-first heap   total 19456K, used 11790K [0x00000000c1e00000, 0x0000000100000000)
  region size 1024K, 5 young (5120K), 1 survivors (1024K)
 Metaspace       used 9531K, capacity 12211K, committed 12544K, reserved 1060864K
  class space    used 1112K, capacity 1439K, committed 1536K, reserved 1048576K
}
Event: 2.379 GC heap after
{Heap after GC invocations=20 (full 0):
 garbage-first heap   total 19456K, used 8459K [0x00000000c1e00000, 0x0000000100000000)
  region size 1024K, 1 young (1024K), 1 survivors (1024K)
 Metaspace       used 9531K, capacity 12211K, committed 12544K, reserved 1060864K
  class space    used 1112K, capacity 1439K, committed 1536K, reserved 1048576K
}
Event: 2.397 GC heap before
{Heap before GC invocations=20 (full 0):
 garbage-first heap   total 19456K, used 11531K [0x00000000c1e00000, 0x0000000100000000)
  region size 1024K, 4 young (4096K), 1 survivors (1024K)
 Metaspace       used 9537K, capacity 12211K, committed 12544K, reserved 1060864K
  class space    used 1112K, capacity 1439K, committed 1536K, reserved 1048576K
}
Event: 2.403 GC heap after
{Heap after GC invocations=21 (full 0):
 garbage-first heap   total 38912K, used 9031K [0x00000000c1e00000, 0x0000000100000000)
  region size 1024K, 1 young (1024K), 1 survivors (1024K)
 Metaspace       used 9537K, capacity 12211K, committed 12544K, reserved 1060864K
  class space    used 1112K, capacity 1439K, committed 1536K, reserved 1048576K
}
Event: 2.725 GC heap before
{Heap before GC invocations=21 (full 0):
 garbage-first heap   total 38912K, used 19271K [0x00000000c1e00000, 0x0000000100000000)
  region size 1024K, 10 young (10240K), 1 survivors (1024K)
 Metaspace       used 10221K, capacity 12810K, committed 13056K, reserved 1060864K
  class space    used 1186K, capacity 1510K, committed 1536K, reserved 1048576K
}
Event: 2.731 GC heap after
{Heap after GC invocations=22 (full 0):
 garbage-first heap   total 38912K, used 11135K [0x00000000c1e00000, 0x0000000100000000)
  region size 1024K, 2 young (2048K), 2 survivors (2048K)
 Metaspace       used 10221K, capacity 12810K, committed 13056K, reserved 1060864K
  class space    used 1186K, capacity 1510K, committed 1536K, reserved 1048576K
}

